[springmvc_hibernate_demo][INFO] [2017-10-23 14:21:38] org.springframework.test.context.support.AbstractTestContextBootstrapper.getDefaultTestExecutionListenerClassNames(259) | Loaded default TestExecutionListener class names from location [META-INF/spring.factories]: [org.springframework.test.context.web.ServletTestExecutionListener, org.springframework.test.context.support.DirtiesContextBeforeModesTestExecutionListener, org.springframework.test.context.support.DependencyInjectionTestExecutionListener, org.springframework.test.context.support.DirtiesContextTestExecutionListener, org.springframework.test.context.transaction.TransactionalTestExecutionListener, org.springframework.test.context.jdbc.SqlScriptsTestExecutionListener]
  [springmvc_hibernate_demo][INFO] [2017-10-23 14:21:38] org.springframework.test.context.support.AbstractTestContextBootstrapper.getTestExecutionListeners(185) | Using TestExecutionListeners: [org.springframework.test.context.web.ServletTestExecutionListener@475530b9, org.springframework.test.context.support.DirtiesContextBeforeModesTestExecutionListener@1d057a39, org.springframework.test.context.support.DependencyInjectionTestExecutionListener@26be92ad, org.springframework.test.context.support.DirtiesContextTestExecutionListener@4c70fda8, org.springframework.test.context.transaction.TransactionalTestExecutionListener@224edc67, org.springframework.test.context.jdbc.SqlScriptsTestExecutionListener@14acaea5]
  [springmvc_hibernate_demo][INFO] [2017-10-23 14:21:38] org.springframework.beans.factory.xml.XmlBeanDefinitionReader.loadBeanDefinitions(317) | Loading XML bean definitions from class path resource [applicationContext.xml]
  [springmvc_hibernate_demo][INFO] [2017-10-23 14:21:38] org.springframework.context.support.AbstractApplicationContext.prepareRefresh(574) | Refreshing org.springframework.context.support.GenericApplicationContext@4566e5bd: startup date [Mon Oct 23 14:21:38 CST 2017]; root of context hierarchy
  [springmvc_hibernate_demo][INFO] [2017-10-23 14:21:39] org.springframework.core.io.support.PropertiesLoaderSupport.loadProperties(172) | Loading properties file from class path resource [jdbc.properties]
  [springmvc_hibernate_demo][INFO] [2017-10-23 14:21:39] org.hibernate.Version.logVersion(37) | HHH000412: Hibernate Core {5.1.3.Final}
  [springmvc_hibernate_demo][INFO] [2017-10-23 14:21:39] org.hibernate.cfg.Environment.<clinit>(213) | HHH000206: hibernate.properties not found
  [springmvc_hibernate_demo][INFO] [2017-10-23 14:21:39] org.hibernate.cfg.Environment.buildBytecodeProvider(317) | HHH000021: Bytecode provider name : javassist
  [springmvc_hibernate_demo][INFO] [2017-10-23 14:21:39] org.hibernate.annotations.common.reflection.java.JavaReflectionManager.<clinit>(66) | HCANN000001: Hibernate Commons Annotations {5.0.1.Final}
  [springmvc_hibernate_demo][INFO] [2017-10-23 14:21:39] org.hibernate.dialect.Dialect.<init>(156) | HHH000400: Using dialect: org.hibernate.dialect.MySQL5Dialect
  [springmvc_hibernate_demo][INFO] [2017-10-23 14:21:40] org.hibernate.cache.spi.UpdateTimestampsCache.<init>(55) | HHH000250: Starting update timestamps cache at region: org.hibernate.cache.spi.UpdateTimestampsCache
  [springmvc_hibernate_demo][WARN] [2017-10-23 14:21:40] org.hibernate.cache.ehcache.AbstractEhcacheRegionFactory.getCache(160) | HHH020003: Could not find a specific ehcache configuration for cache named [org.hibernate.cache.spi.UpdateTimestampsCache]; using defaults.
  [springmvc_hibernate_demo][INFO] [2017-10-23 14:21:40] org.hibernate.cache.internal.StandardQueryCache.<init>(74) | HHH000248: Starting query cache at region: org.hibernate.cache.internal.StandardQueryCache
  [springmvc_hibernate_demo][WARN] [2017-10-23 14:21:40] org.hibernate.cache.ehcache.AbstractEhcacheRegionFactory.getCache(160) | HHH020003: Could not find a specific ehcache configuration for cache named [org.hibernate.cache.internal.StandardQueryCache]; using defaults.
  [springmvc_hibernate_demo][INFO] [2017-10-23 14:21:40] org.hibernate.validator.internal.util.Version.<clinit>(27) | HV000001: Hibernate Validator 5.1.3.Final
  [springmvc_hibernate_demo][WARN] [2017-10-23 14:21:41] org.hibernate.cache.ehcache.AbstractEhcacheRegionFactory.getCache(160) | HHH020003: Could not find a specific ehcache configuration for cache named [com.qin.domain.User]; using defaults.
  [springmvc_hibernate_demo][WARN] [2017-10-23 14:21:41] org.hibernate.cache.ehcache.AbstractEhcacheRegionFactory.getCache(160) | HHH020003: Could not find a specific ehcache configuration for cache named [com.qin.domain.Role.authorities]; using defaults.
  [springmvc_hibernate_demo][WARN] [2017-10-23 14:21:41] org.hibernate.cache.ehcache.AbstractEhcacheRegionFactory.getCache(160) | HHH020003: Could not find a specific ehcache configuration for cache named [com.qin.domain.User.roles]; using defaults.
  [springmvc_hibernate_demo][INFO] [2017-10-23 14:21:41] org.springframework.orm.hibernate5.HibernateTransactionManager.afterPropertiesSet(357) | Using DataSource [org.apache.commons.dbcp.BasicDataSource@5aaaa446] of Hibernate SessionFactory for HibernateTransactionManager
  [springmvc_hibernate_demo][INFO] [2017-10-23 14:21:41] org.springframework.web.servlet.handler.AbstractHandlerMethodMapping$MappingRegistry.register(531) | Mapped "{[/test18]}" onto public java.lang.String com.qin.controller.exercise.test18(org.springframework.ui.ModelMap)
  [springmvc_hibernate_demo][INFO] [2017-10-23 14:21:41] org.springframework.web.servlet.handler.AbstractHandlerMethodMapping$MappingRegistry.register(531) | Mapped "{[/test13]}" onto public java.lang.String com.qin.controller.exercise.test13(com.qin.domain.User)
  [springmvc_hibernate_demo][INFO] [2017-10-23 14:21:41] org.springframework.web.servlet.handler.AbstractHandlerMethodMapping$MappingRegistry.register(531) | Mapped "{[/test14]}" onto public java.lang.String com.qin.controller.exercise.test14(org.springframework.ui.ModelMap)
  [springmvc_hibernate_demo][INFO] [2017-10-23 14:21:41] org.springframework.web.servlet.handler.AbstractHandlerMethodMapping$MappingRegistry.register(531) | Mapped "{[/test15]}" onto public java.lang.String com.qin.controller.exercise.test15(com.qin.domain.User)
  [springmvc_hibernate_demo][INFO] [2017-10-23 14:21:41] org.springframework.web.servlet.handler.AbstractHandlerMethodMapping$MappingRegistry.register(531) | Mapped "{[/test12]}" onto public java.util.concurrent.Callable<com.qin.domain.User> com.qin.controller.exercise.test12()
  [springmvc_hibernate_demo][INFO] [2017-10-23 14:21:41] org.springframework.web.servlet.handler.AbstractHandlerMethodMapping$MappingRegistry.register(531) | Mapped "{[/test11]}" onto public org.springframework.http.ResponseEntity<com.qin.domain.User> com.qin.controller.exercise.test11(org.springframework.http.HttpEntity<com.qin.domain.User>)
  [springmvc_hibernate_demo][INFO] [2017-10-23 14:21:41] org.springframework.web.servlet.handler.AbstractHandlerMethodMapping$MappingRegistry.register(531) | Mapped "{[/test20]}" onto public java.lang.String com.qin.controller.exercise.test20(org.springframework.ui.ModelMap)
  [springmvc_hibernate_demo][INFO] [2017-10-23 14:21:41] org.springframework.web.servlet.handler.AbstractHandlerMethodMapping$MappingRegistry.register(531) | Mapped "{[/test16]}" onto public java.lang.String com.qin.controller.exercise.test16(org.springframework.ui.ModelMap)
  [springmvc_hibernate_demo][INFO] [2017-10-23 14:21:41] org.springframework.web.servlet.handler.AbstractHandlerMethodMapping$MappingRegistry.register(531) | Mapped "{[/test19]}" onto public java.lang.String com.qin.controller.exercise.test19(org.springframework.ui.ModelMap)
  [springmvc_hibernate_demo][INFO] [2017-10-23 14:21:41] org.springframework.web.servlet.handler.AbstractHandlerMethodMapping$MappingRegistry.register(531) | Mapped "{[/test10/{imageId}]}" onto public org.springframework.http.ResponseEntity<byte[]> com.qin.controller.exercise.test10(java.lang.String) throws java.io.IOException
  [springmvc_hibernate_demo][INFO] [2017-10-23 14:21:41] org.springframework.web.servlet.handler.AbstractHandlerMethodMapping$MappingRegistry.register(531) | Mapped "{[/test6]}" onto public void com.qin.controller.exercise.test6(java.io.OutputStream) throws java.io.IOException
  [springmvc_hibernate_demo][INFO] [2017-10-23 14:21:41] org.springframework.web.servlet.handler.AbstractHandlerMethodMapping$MappingRegistry.register(531) | Mapped "{[/test7]}" onto public java.lang.String com.qin.controller.exercise.test7(org.springframework.ui.Model,java.lang.String)
  [springmvc_hibernate_demo][INFO] [2017-10-23 14:21:41] org.springframework.web.servlet.handler.AbstractHandlerMethodMapping$MappingRegistry.register(531) | Mapped "{[/test8/{itemId}]}" onto public byte[] com.qin.controller.exercise.test8(java.lang.String) throws java.io.IOException
  [springmvc_hibernate_demo][INFO] [2017-10-23 14:21:41] org.springframework.web.servlet.handler.AbstractHandlerMethodMapping$MappingRegistry.register(531) | Mapped "{[/test9]}" onto public java.lang.String com.qin.controller.exercise.test9(org.springframework.http.HttpEntity<java.lang.String>)
  [springmvc_hibernate_demo][INFO] [2017-10-23 14:21:41] org.springframework.web.servlet.handler.AbstractHandlerMethodMapping$MappingRegistry.register(531) | Mapped "{[/test2.htmls]}" onto public org.springframework.web.servlet.ModelAndView com.qin.controller.exercise.test2(java.lang.String,java.lang.String)
  [springmvc_hibernate_demo][INFO] [2017-10-23 14:21:41] org.springframework.web.servlet.handler.AbstractHandlerMethodMapping$MappingRegistry.register(531) | Mapped "{[/test5/{select}],methods=[GET]}" onto public java.lang.String com.qin.controller.exercise.test5(org.springframework.ui.Model,java.lang.String,java.lang.String,java.lang.String,java.util.Map<java.lang.String, java.lang.Object>)
  [springmvc_hibernate_demo][INFO] [2017-10-23 14:21:41] org.springframework.web.servlet.handler.AbstractHandlerMethodMapping$MappingRegistry.register(531) | Mapped "{[/test3.htmls]}" onto public java.lang.String com.qin.controller.exercise.test3(org.springframework.ui.Model,com.qin.domain.User)
  [springmvc_hibernate_demo][INFO] [2017-10-23 14:21:41] org.springframework.web.servlet.handler.AbstractHandlerMethodMapping$MappingRegistry.register(531) | Mapped "{[/test4.htmls]}" onto public java.lang.String com.qin.controller.exercise.test4(javax.servlet.http.HttpServletRequest,javax.servlet.http.HttpServletResponse)
  [springmvc_hibernate_demo][INFO] [2017-10-23 14:21:41] org.springframework.web.servlet.handler.AbstractHandlerMethodMapping$MappingRegistry.register(531) | Mapped "{[/test1.htmls]}" onto public java.lang.String com.qin.controller.exercise.test1(java.lang.String,org.springframework.ui.Model)
  [springmvc_hibernate_demo][INFO] [2017-10-23 14:21:41] org.springframework.web.servlet.handler.AbstractHandlerMethodMapping$MappingRegistry.register(531) | Mapped "{[/user/hello.html]}" onto public java.lang.String com.qin.controller.HelloWorldController.hello(org.springframework.ui.Model,java.lang.String)
  [springmvc_hibernate_demo][INFO] [2017-10-23 14:21:41] org.springframework.web.servlet.handler.AbstractHandlerMethodMapping$MappingRegistry.register(531) | Mapped "{[/views/user/showInfo.htmls]}" onto public com.qin.domain.User com.qin.controller.UserController.showUserInfo(org.springframework.ui.ModelMap,java.lang.String)
  [springmvc_hibernate_demo][INFO] [2017-10-23 14:21:42] org.springframework.web.servlet.mvc.method.annotation.RequestMappingHandlerAdapter.initControllerAdviceCache(532) | Looking for @ControllerAdvice: org.springframework.context.support.GenericApplicationContext@4566e5bd: startup date [Mon Oct 23 14:21:38 CST 2017]; root of context hierarchy
  [springmvc_hibernate_demo][INFO] [2017-10-23 14:21:42] org.springframework.web.servlet.mvc.method.annotation.RequestMappingHandlerAdapter.initControllerAdviceCache(532) | Looking for @ControllerAdvice: org.springframework.context.support.GenericApplicationContext@4566e5bd: startup date [Mon Oct 23 14:21:38 CST 2017]; root of context hierarchy
  [springmvc_hibernate_demo][INFO] [2017-10-23 14:21:42] org.springframework.web.servlet.handler.AbstractUrlHandlerMapping.registerHandler(341) | Mapped URL path [/**] onto handler 'org.springframework.web.servlet.resource.DefaultServletHttpRequestHandler#0'
  [springmvc_hibernate_demo][WARN] [2017-10-23 14:21:42] org.hibernate.engine.jdbc.spi.SqlExceptionHelper.logExceptions(129) | SQL Error: 1062, SQLState: 23000
  [springmvc_hibernate_demo][ERROR] [2017-10-23 14:21:42] org.hibernate.engine.jdbc.spi.SqlExceptionHelper.logExceptions(131) | Duplicate entry '1' for key 'PRIMARY'
  [springmvc_hibernate_demo][INFO] [2017-10-23 14:21:42] org.hibernate.engine.jdbc.batch.internal.AbstractBatchImpl.release(193) | HHH000010: On release of batch it still contained JDBC statements
  [springmvc_hibernate_demo][ERROR] [2017-10-23 14:21:42] org.hibernate.internal.SessionImpl$5.mapManagedFlushFailure(3166) | HHH000346: Error during managed flush [could not execute statement]
  [springmvc_hibernate_demo][INFO] [2017-10-23 14:21:42] org.springframework.context.support.AbstractApplicationContext.doClose(954) | Closing org.springframework.context.support.GenericApplicationContext@4566e5bd: startup date [Mon Oct 23 14:21:38 CST 2017]; root of context hierarchy
  